<?xml version="1.0" encoding="UTF-8"?>
<!-- Generated by org.testng.reporters.JUnitXMLReporter -->
<testsuite ignored="73" hostname="SSSLT025" failures="1" tests="6" name="Default test" time="304.09" errors="0" timestamp="2024-04-29T12:50:51 IST">
  <testcase classname="allPages.CustomerIssues" name="@BeforeMethod setUp" time="60.989">
    <failure type="org.openqa.selenium.TimeoutException" message="timeout: Timed out receiving message from renderer: 59.976
  (Session info: chrome=124.0.6367.61)
Build info: version: &amp;apos;4.18.1&amp;apos;, revision: &amp;apos;b1d3319b48&amp;apos;
System info: os.name: &amp;apos;Windows 11&amp;apos;, os.arch: &amp;apos;amd64&amp;apos;, os.version: &amp;apos;10.0&amp;apos;, java.version: &amp;apos;21.0.2&amp;apos;
Driver info: org.openqa.selenium.chrome.ChromeDriver
Command: [4c6f79ad7fe86dfec274975ed88b0183, get {url=http://192.168.1.36:90/#/auth}]
Capabilities {acceptInsecureCerts: false, browserName: chrome, browserVersion: 124.0.6367.61, chrome: {chromedriverVersion: 124.0.6367.91 (51df0e5e17a8..., userDataDir: C:\Users\THIRUM~1\AppData\L...}, fedcm:accounts: true, goog:chromeOptions: {debuggerAddress: localhost:54818}, networkConnectionEnabled: false, pageLoadStrategy: normal, platformName: windows, proxy: Proxy(), se:cdp: ws://localhost:54818/devtoo..., se:cdpVersion: 124.0.6367.61, setWindowRect: true, strictFileInteractability: false, timeouts: {implicit: 0, pageLoad: 300000, script: 30000}, unhandledPromptBehavior: dismiss and notify, webauthn:extension:credBlob: true, webauthn:extension:largeBlob: true, webauthn:extension:minPinLength: true, webauthn:extension:prf: true, webauthn:virtualAuthenticators: true}
Session ID: 4c6f79ad7fe86dfec274975ed88b0183">
      <![CDATA[org.openqa.selenium.TimeoutException: timeout: Timed out receiving message from renderer: 59.976
  (Session info: chrome=124.0.6367.61)
Build info: version: '4.18.1', revision: 'b1d3319b48'
System info: os.name: 'Windows 11', os.arch: 'amd64', os.version: '10.0', java.version: '21.0.2'
Driver info: org.openqa.selenium.chrome.ChromeDriver
Command: [4c6f79ad7fe86dfec274975ed88b0183, get {url=http://192.168.1.36:90/#/auth}]
Capabilities {acceptInsecureCerts: false, browserName: chrome, browserVersion: 124.0.6367.61, chrome: {chromedriverVersion: 124.0.6367.91 (51df0e5e17a8..., userDataDir: C:\Users\THIRUM~1\AppData\L...}, fedcm:accounts: true, goog:chromeOptions: {debuggerAddress: localhost:54818}, networkConnectionEnabled: false, pageLoadStrategy: normal, platformName: windows, proxy: Proxy(), se:cdp: ws://localhost:54818/devtoo..., se:cdpVersion: 124.0.6367.61, setWindowRect: true, strictFileInteractability: false, timeouts: {implicit: 0, pageLoad: 300000, script: 30000}, unhandledPromptBehavior: dismiss and notify, webauthn:extension:credBlob: true, webauthn:extension:largeBlob: true, webauthn:extension:minPinLength: true, webauthn:extension:prf: true, webauthn:virtualAuthenticators: true}
Session ID: 4c6f79ad7fe86dfec274975ed88b0183
at java.base/jdk.internal.reflect.DirectConstructorHandleAccessor.newInstance(DirectConstructorHandleAccessor.java:62)
at java.base/java.lang.reflect.Constructor.newInstanceWithCaller(Constructor.java:502)
at java.base/java.lang.reflect.Constructor.newInstance(Constructor.java:486)
at org.openqa.selenium.remote.ErrorCodec.decode(ErrorCodec.java:167)
at org.openqa.selenium.remote.codec.w3c.W3CHttpResponseCodec.decode(W3CHttpResponseCodec.java:138)
at org.openqa.selenium.remote.codec.w3c.W3CHttpResponseCodec.decode(W3CHttpResponseCodec.java:50)
at org.openqa.selenium.remote.HttpCommandExecutor.execute(HttpCommandExecutor.java:190)
at org.openqa.selenium.remote.service.DriverCommandExecutor.invokeExecute(DriverCommandExecutor.java:216)
at org.openqa.selenium.remote.service.DriverCommandExecutor.execute(DriverCommandExecutor.java:174)
at org.openqa.selenium.remote.RemoteWebDriver.execute(RemoteWebDriver.java:519)
at org.openqa.selenium.remote.RemoteWebDriver.get(RemoteWebDriver.java:301)
at allPages.CustomerIssues.setUp(CustomerIssues.java:51)
at java.base/jdk.internal.reflect.DirectMethodHandleAccessor.invoke(DirectMethodHandleAccessor.java:103)
at java.base/java.lang.reflect.Method.invoke(Method.java:580)
at org.testng.internal.invokers.MethodInvocationHelper.invokeMethod(MethodInvocationHelper.java:139)
at org.testng.internal.invokers.MethodInvocationHelper.invokeMethodConsideringTimeout(MethodInvocationHelper.java:69)
at org.testng.internal.invokers.ConfigInvoker.invokeConfigurationMethod(ConfigInvoker.java:393)
at org.testng.internal.invokers.ConfigInvoker.invokeConfigurations(ConfigInvoker.java:326)
at org.testng.internal.invokers.TestInvoker.runConfigMethods(TestInvoker.java:810)
at org.testng.internal.invokers.TestInvoker.invokeMethod(TestInvoker.java:578)
at org.testng.internal.invokers.TestInvoker.retryFailed(TestInvoker.java:249)
at org.testng.internal.invokers.MethodRunner.runInSequence(MethodRunner.java:76)
at org.testng.internal.invokers.TestInvoker$MethodInvocationAgent.invoke(TestInvoker.java:961)
at org.testng.internal.invokers.TestInvoker.invokeTestMethods(TestInvoker.java:201)
at org.testng.internal.invokers.TestMethodWorker.invokeTestMethods(TestMethodWorker.java:148)
at org.testng.internal.invokers.TestMethodWorker.run(TestMethodWorker.java:128)
at java.base/java.util.ArrayList.forEach(ArrayList.java:1596)
at org.testng.TestRunner.privateRun(TestRunner.java:819)
at org.testng.TestRunner.run(TestRunner.java:619)
at org.testng.SuiteRunner.runTest(SuiteRunner.java:443)
at org.testng.SuiteRunner.runSequentially(SuiteRunner.java:437)
at org.testng.SuiteRunner.privateRun(SuiteRunner.java:397)
at org.testng.SuiteRunner.run(SuiteRunner.java:336)
at org.testng.SuiteRunnerWorker.runSuite(SuiteRunnerWorker.java:52)
at org.testng.SuiteRunnerWorker.run(SuiteRunnerWorker.java:95)
at org.testng.TestNG.runSuitesSequentially(TestNG.java:1301)
at org.testng.TestNG.runSuitesLocally(TestNG.java:1228)
at org.testng.TestNG.runSuites(TestNG.java:1134)
at org.testng.TestNG.run(TestNG.java:1101)
at org.testng.remote.AbstractRemoteTestNG.run(AbstractRemoteTestNG.java:115)
at org.testng.remote.RemoteTestNG.initAndRun(RemoteTestNG.java:251)
at org.testng.remote.RemoteTestNG.main(RemoteTestNG.java:77)
]]>
    </failure>
  </testcase> <!-- @BeforeMethod setUp -->
  <testcase classname="allPages.CustomerIssues" name="@AfterMethod tearDown" time="0.0">
    <skipped/>
  </testcase> <!-- @AfterMethod tearDown -->
  <testcase classname="org.utility.BaseClass" name="@BeforeMethod launch" time="0.0">
    <skipped/>
  </testcase> <!-- @BeforeMethod launch -->
  <testcase classname="allPages.CustomerIssues" name="@BeforeMethod setUp" time="0.0">
    <skipped/>
  </testcase> <!-- @BeforeMethod setUp -->
  <testcase classname="allPages.CustomerIssues" name="@AfterMethod tearDown" time="0.0">
    <skipped/>
  </testcase> <!-- @AfterMethod tearDown -->
  <testcase classname="org.utility.BaseClass" name="@BeforeMethod launch" time="0.0">
    <skipped/>
  </testcase> <!-- @BeforeMethod launch -->
  <testcase classname="allPages.CustomerIssues" name="@BeforeMethod setUp" time="0.0">
    <skipped/>
  </testcase> <!-- @BeforeMethod setUp -->
  <testcase classname="allPages.CustomerIssues" name="@AfterMethod tearDown" time="0.0">
    <skipped/>
  </testcase> <!-- @AfterMethod tearDown -->
  <testcase classname="org.utility.BaseClass" name="@BeforeMethod launch" time="0.0">
    <skipped/>
  </testcase> <!-- @BeforeMethod launch -->
  <testcase classname="allPages.CustomerIssues" name="@BeforeMethod setUp" time="0.0">
    <skipped/>
  </testcase> <!-- @BeforeMethod setUp -->
  <testcase classname="allPages.CustomerIssues" name="@AfterMethod tearDown" time="0.0">
    <skipped/>
  </testcase> <!-- @AfterMethod tearDown -->
  <testcase classname="org.utility.BaseClass" name="@BeforeMethod launch" time="0.0">
    <skipped/>
  </testcase> <!-- @BeforeMethod launch -->
  <testcase classname="allPages.CustomerIssues" name="@BeforeMethod setUp" time="0.0">
    <skipped/>
  </testcase> <!-- @BeforeMethod setUp -->
  <testcase classname="allPages.CustomerIssues" name="@AfterMethod tearDown" time="0.0">
    <skipped/>
  </testcase> <!-- @AfterMethod tearDown -->
  <testcase classname="allPages.CustomerIssues" name="CrtInvDueMonth" time="0.046">
    <skipped/>
  </testcase> <!-- CrtInvDueMonth -->
  <testcase classname="allPages.CustomerIssues" name="CrtInvDueMonth" time="60.039">
    <skipped/>
  </testcase> <!-- CrtInvDueMonth -->
  <testcase classname="allPages.CustomerIssues" name="CrtInvDueMonth" time="60.063">
    <skipped/>
  </testcase> <!-- CrtInvDueMonth -->
  <testcase classname="allPages.CustomerIssues" name="CrtInvDueMonth" time="60.028">
    <skipped/>
  </testcase> <!-- CrtInvDueMonth -->
  <testcase classname="allPages.CustomerIssues" name="CrtInvDueMonth" time="9.797">
    <skipped/>
  </testcase> <!-- CrtInvDueMonth -->
  <testcase classname="allPages.CustomerIssues" name="CrtInvDueMonth" time="0.018">
    <failure type="org.openqa.selenium.NoSuchWindowException" message="no such window: target window already closed
from unknown error: web view not found
  (Session info: chrome=124.0.6367.61)
Build info: version: &amp;apos;4.18.1&amp;apos;, revision: &amp;apos;b1d3319b48&amp;apos;
System info: os.name: &amp;apos;Windows 11&amp;apos;, os.arch: &amp;apos;amd64&amp;apos;, os.version: &amp;apos;10.0&amp;apos;, java.version: &amp;apos;21.0.2&amp;apos;
Driver info: org.openqa.selenium.chrome.ChromeDriver
Command: [4c6f79ad7fe86dfec274975ed88b0183, findElement {using=name, value=email}]
Capabilities {acceptInsecureCerts: false, browserName: chrome, browserVersion: 124.0.6367.61, chrome: {chromedriverVersion: 124.0.6367.91 (51df0e5e17a8..., userDataDir: C:\Users\THIRUM~1\AppData\L...}, fedcm:accounts: true, goog:chromeOptions: {debuggerAddress: localhost:54818}, networkConnectionEnabled: false, pageLoadStrategy: normal, platformName: windows, proxy: Proxy(), se:cdp: ws://localhost:54818/devtoo..., se:cdpVersion: 124.0.6367.61, setWindowRect: true, strictFileInteractability: false, timeouts: {implicit: 0, pageLoad: 300000, script: 30000}, unhandledPromptBehavior: dismiss and notify, webauthn:extension:credBlob: true, webauthn:extension:largeBlob: true, webauthn:extension:minPinLength: true, webauthn:extension:prf: true, webauthn:virtualAuthenticators: true}
Session ID: 4c6f79ad7fe86dfec274975ed88b0183">
      <![CDATA[org.openqa.selenium.NoSuchWindowException: no such window: target window already closed
from unknown error: web view not found
  (Session info: chrome=124.0.6367.61)
Build info: version: '4.18.1', revision: 'b1d3319b48'
System info: os.name: 'Windows 11', os.arch: 'amd64', os.version: '10.0', java.version: '21.0.2'
Driver info: org.openqa.selenium.chrome.ChromeDriver
Command: [4c6f79ad7fe86dfec274975ed88b0183, findElement {using=name, value=email}]
Capabilities {acceptInsecureCerts: false, browserName: chrome, browserVersion: 124.0.6367.61, chrome: {chromedriverVersion: 124.0.6367.91 (51df0e5e17a8..., userDataDir: C:\Users\THIRUM~1\AppData\L...}, fedcm:accounts: true, goog:chromeOptions: {debuggerAddress: localhost:54818}, networkConnectionEnabled: false, pageLoadStrategy: normal, platformName: windows, proxy: Proxy(), se:cdp: ws://localhost:54818/devtoo..., se:cdpVersion: 124.0.6367.61, setWindowRect: true, strictFileInteractability: false, timeouts: {implicit: 0, pageLoad: 300000, script: 30000}, unhandledPromptBehavior: dismiss and notify, webauthn:extension:credBlob: true, webauthn:extension:largeBlob: true, webauthn:extension:minPinLength: true, webauthn:extension:prf: true, webauthn:virtualAuthenticators: true}
Session ID: 4c6f79ad7fe86dfec274975ed88b0183
at java.base/jdk.internal.reflect.DirectConstructorHandleAccessor.newInstance(DirectConstructorHandleAccessor.java:62)
at java.base/java.lang.reflect.Constructor.newInstanceWithCaller(Constructor.java:502)
at java.base/java.lang.reflect.Constructor.newInstance(Constructor.java:486)
at org.openqa.selenium.remote.ErrorCodec.decode(ErrorCodec.java:167)
at org.openqa.selenium.remote.codec.w3c.W3CHttpResponseCodec.decode(W3CHttpResponseCodec.java:138)
at org.openqa.selenium.remote.codec.w3c.W3CHttpResponseCodec.decode(W3CHttpResponseCodec.java:50)
at org.openqa.selenium.remote.HttpCommandExecutor.execute(HttpCommandExecutor.java:190)
at org.openqa.selenium.remote.service.DriverCommandExecutor.invokeExecute(DriverCommandExecutor.java:216)
at org.openqa.selenium.remote.service.DriverCommandExecutor.execute(DriverCommandExecutor.java:174)
at org.openqa.selenium.remote.RemoteWebDriver.execute(RemoteWebDriver.java:519)
at org.openqa.selenium.remote.ElementLocation$ElementFinder$2.findElement(ElementLocation.java:165)
at org.openqa.selenium.remote.ElementLocation.findElement(ElementLocation.java:59)
at org.openqa.selenium.remote.RemoteWebDriver.findElement(RemoteWebDriver.java:356)
at org.openqa.selenium.remote.RemoteWebDriver.findElement(RemoteWebDriver.java:350)
at allPages.CustomerIssues.LoginBtn(CustomerIssues.java:88)
at allPages.CustomerIssues.CrtInvDueMonth(CustomerIssues.java:1083)
at java.base/jdk.internal.reflect.DirectMethodHandleAccessor.invoke(DirectMethodHandleAccessor.java:103)
at java.base/java.lang.reflect.Method.invoke(Method.java:580)
at org.testng.internal.invokers.MethodInvocationHelper.invokeMethod(MethodInvocationHelper.java:139)
at org.testng.internal.invokers.TestInvoker.invokeMethod(TestInvoker.java:664)
at org.testng.internal.invokers.TestInvoker.retryFailed(TestInvoker.java:249)
at org.testng.internal.invokers.MethodRunner.runInSequence(MethodRunner.java:76)
at org.testng.internal.invokers.TestInvoker$MethodInvocationAgent.invoke(TestInvoker.java:961)
at org.testng.internal.invokers.TestInvoker.invokeTestMethods(TestInvoker.java:201)
at org.testng.internal.invokers.TestMethodWorker.invokeTestMethods(TestMethodWorker.java:148)
at org.testng.internal.invokers.TestMethodWorker.run(TestMethodWorker.java:128)
at java.base/java.util.ArrayList.forEach(ArrayList.java:1596)
at org.testng.TestRunner.privateRun(TestRunner.java:819)
at org.testng.TestRunner.run(TestRunner.java:619)
at org.testng.SuiteRunner.runTest(SuiteRunner.java:443)
at org.testng.SuiteRunner.runSequentially(SuiteRunner.java:437)
at org.testng.SuiteRunner.privateRun(SuiteRunner.java:397)
at org.testng.SuiteRunner.run(SuiteRunner.java:336)
at org.testng.SuiteRunnerWorker.runSuite(SuiteRunnerWorker.java:52)
at org.testng.SuiteRunnerWorker.run(SuiteRunnerWorker.java:95)
at org.testng.TestNG.runSuitesSequentially(TestNG.java:1301)
at org.testng.TestNG.runSuitesLocally(TestNG.java:1228)
at org.testng.TestNG.runSuites(TestNG.java:1134)
at org.testng.TestNG.run(TestNG.java:1101)
at org.testng.remote.AbstractRemoteTestNG.run(AbstractRemoteTestNG.java:115)
at org.testng.remote.RemoteTestNG.initAndRun(RemoteTestNG.java:251)
at org.testng.remote.RemoteTestNG.main(RemoteTestNG.java:77)
]]>
    </failure>
  </testcase> <!-- CrtInvDueMonth -->
  <testcase classname="allPages.CustomerIssues" name="APIStupClrBtn" time="0.0">
    <ignored/>
  </testcase> <!-- APIStupClrBtn -->
  <testcase classname="allPages.CustomerIssues" name="InvstClrBtnChck" time="0.0">
    <ignored/>
  </testcase> <!-- InvstClrBtnChck -->
  <testcase classname="allPages.CustomerIssues" name="ProdStsChckInMonitoring" time="0.0">
    <ignored/>
  </testcase> <!-- ProdStsChckInMonitoring -->
  <testcase classname="allPages.CustomerIssues" name="StopPyMnt" time="0.0">
    <ignored/>
  </testcase> <!-- StopPyMnt -->
  <testcase classname="allPages.CustomerIssues" name="ChckPayAddBtnChk" time="0.0">
    <ignored/>
  </testcase> <!-- ChckPayAddBtnChk -->
  <testcase classname="allPages.CustomerIssues" name="FailedStsChck" time="0.0">
    <ignored/>
  </testcase> <!-- FailedStsChck -->
  <testcase classname="allPages.CustomerIssues" name="ACHInvPayCaldrChck" time="0.0">
    <ignored/>
  </testcase> <!-- ACHInvPayCaldrChck -->
  <testcase classname="allPages.CustomerIssues" name="TC17" time="0.0">
    <ignored/>
  </testcase> <!-- TC17 -->
  <testcase classname="allPages.CustomerIssues" name="TC27" time="0.0">
    <ignored/>
  </testcase> <!-- TC27 -->
  <testcase classname="allPages.CustomerIssues" name="PanelUpdChckInMonitoring" time="0.0">
    <ignored/>
  </testcase> <!-- PanelUpdChckInMonitoring -->
  <testcase classname="allPages.CustomerIssues" name="TC23" time="0.0">
    <ignored/>
  </testcase> <!-- TC23 -->
  <testcase classname="allPages.CustomerIssues" name="TC03" time="0.0">
    <ignored/>
  </testcase> <!-- TC03 -->
  <testcase classname="allPages.CustomerIssues" name="DsblUsrChck" time="0.0">
    <ignored/>
  </testcase> <!-- DsblUsrChck -->
  <testcase classname="allPages.CustomerIssues" name="ACHMailTimeChckS2Cus" time="0.0">
    <ignored/>
  </testcase> <!-- ACHMailTimeChckS2Cus -->
  <testcase classname="allPages.CustomerIssues" name="EditInstlrIssue" time="0.0">
    <ignored/>
  </testcase> <!-- EditInstlrIssue -->
  <testcase classname="allPages.CustomerIssues" name="InvPyDepAccManChk" time="0.0">
    <ignored/>
  </testcase> <!-- InvPyDepAccManChk -->
  <testcase classname="allPages.CustomerIssues" name="LineItemChck" time="0.0">
    <ignored/>
  </testcase> <!-- LineItemChck -->
  <testcase classname="allPages.CustomerIssues" name="EscProgChck" time="0.0">
    <ignored/>
  </testcase> <!-- EscProgChck -->
  <testcase classname="allPages.CustomerIssues" name="InvChngSkpPayManChk" time="0.0">
    <ignored/>
  </testcase> <!-- InvChngSkpPayManChk -->
  <testcase classname="allPages.CustomerIssues" name="InvPyAddChrgChk" time="0.0">
    <ignored/>
  </testcase> <!-- InvPyAddChrgChk -->
  <testcase classname="allPages.CustomerIssues" name="ProdStsExportChckInMonitoring" time="0.0">
    <ignored/>
  </testcase> <!-- ProdStsExportChckInMonitoring -->
  <testcase classname="allPages.CustomerIssues" name="StartPyChck" time="0.0">
    <ignored/>
  </testcase> <!-- StartPyChck -->
  <testcase classname="allPages.CustomerIssues" name="QuckUpldChck" time="0.0">
    <ignored/>
  </testcase> <!-- QuckUpldChck -->
  <testcase classname="allPages.CustomerIssues" name="CusPortEditChck" time="0.0">
    <ignored/>
  </testcase> <!-- CusPortEditChck -->
  <testcase classname="allPages.CustomerIssues" name="PayOffChck" time="0.0">
    <ignored/>
  </testcase> <!-- PayOffChck -->
  <testcase classname="allPages.CustomerIssues" name="TotalValueChckInMonitoring" time="0.0">
    <ignored/>
  </testcase> <!-- TotalValueChckInMonitoring -->
  <testcase classname="allPages.CustomerIssues" name="InvertorManChckInMonitoring" time="0.0">
    <ignored/>
  </testcase> <!-- InvertorManChckInMonitoring -->
  <testcase classname="allPages.CustomerIssues" name="TC18" time="0.0">
    <ignored/>
  </testcase> <!-- TC18 -->
  <testcase classname="allPages.CustomerIssues" name="TC04" time="0.0">
    <ignored/>
  </testcase> <!-- TC04 -->
  <testcase classname="allPages.CustomerIssues" name="LoginBtn" time="0.0">
    <ignored/>
  </testcase> <!-- LoginBtn -->
  <testcase classname="allPages.CustomerIssues" name="CusAddPTOChck" time="0.0">
    <ignored/>
  </testcase> <!-- CusAddPTOChck -->
  <testcase classname="allPages.CustomerIssues" name="NewUsrTimIsue" time="0.0">
    <ignored/>
  </testcase> <!-- NewUsrTimIsue -->
  <testcase classname="allPages.CustomerIssues" name="ACHUpldPopUpChck" time="0.0">
    <ignored/>
  </testcase> <!-- ACHUpldPopUpChck -->
  <testcase classname="allPages.CustomerIssues" name="TC10" time="0.0">
    <ignored/>
  </testcase> <!-- TC10 -->
  <testcase classname="allPages.CustomerIssues" name="TC40" time="0.0">
    <ignored/>
  </testcase> <!-- TC40 -->
  <testcase classname="allPages.CustomerIssues" name="CrtInvNoDataChck" time="0.0">
    <ignored/>
  </testcase> <!-- CrtInvNoDataChck -->
  <testcase classname="allPages.CustomerIssues" name="TimShtChck" time="0.0">
    <ignored/>
  </testcase> <!-- TimShtChck -->
  <testcase classname="allPages.CustomerIssues" name="APIStupSavBtn" time="0.0">
    <ignored/>
  </testcase> <!-- APIStupSavBtn -->
  <testcase classname="allPages.CustomerIssues" name="LastModifiedChck" time="0.0">
    <ignored/>
  </testcase> <!-- LastModifiedChck -->
  <testcase classname="allPages.CustomerIssues" name="EscProgCaptchaChck" time="0.0">
    <ignored/>
  </testcase> <!-- EscProgCaptchaChck -->
  <testcase classname="allPages.CustomerIssues" name="CrteInvLineItemChck" time="0.0">
    <ignored/>
  </testcase> <!-- CrteInvLineItemChck -->
  <testcase classname="allPages.CustomerIssues" name="AttachChck" time="0.0">
    <ignored/>
  </testcase> <!-- AttachChck -->
  <testcase classname="allPages.CustomerIssues" name="CustStsSysProfChckInMonitoring" time="0.0">
    <ignored/>
  </testcase> <!-- CustStsSysProfChckInMonitoring -->
  <testcase classname="allPages.CustomerIssues" name="EdtPyCusNameChck" time="0.0">
    <ignored/>
  </testcase> <!-- EdtPyCusNameChck -->
  <testcase classname="allPages.CustomerIssues" name="TC19" time="0.0">
    <ignored/>
  </testcase> <!-- TC19 -->
  <testcase classname="allPages.CustomerIssues" name="TC45" time="0.0">
    <ignored/>
  </testcase> <!-- TC45 -->
  <testcase classname="allPages.CustomerIssues" name="TC01" time="0.0">
    <ignored/>
  </testcase> <!-- TC01 -->
  <testcase classname="allPages.CustomerIssues" name="ACHUpldSucsChck" time="0.0">
    <ignored/>
  </testcase> <!-- ACHUpldSucsChck -->
  <testcase classname="allPages.CustomerIssues" name="ReTrnACHSrchChck" time="0.0">
    <ignored/>
  </testcase> <!-- ReTrnACHSrchChck -->
  <testcase classname="allPages.CustomerIssues" name="ACH_CC_Clr_Chck" time="0.0">
    <ignored/>
  </testcase> <!-- ACH_CC_Clr_Chck -->
  <testcase classname="allPages.CustomerIssues" name="CGIDrpDwnChck" time="0.0">
    <ignored/>
  </testcase> <!-- CGIDrpDwnChck -->
  <testcase classname="allPages.CustomerIssues" name="InvPyLatFeeChk" time="0.0">
    <ignored/>
  </testcase> <!-- InvPyLatFeeChk -->
  <testcase classname="allPages.CustomerIssues" name="AddToLstChckPymtChck" time="0.0">
    <ignored/>
  </testcase> <!-- AddToLstChckPymtChck -->
  <testcase classname="allPages.CustomerIssues" name="EmailNotifChck" time="0.0">
    <ignored/>
  </testcase> <!-- EmailNotifChck -->
  <testcase classname="allPages.CustomerIssues" name="CrteInvPrvInvNotsChk" time="0.0">
    <ignored/>
  </testcase> <!-- CrteInvPrvInvNotsChk -->
  <testcase classname="allPages.CustomerIssues" name="CrteInvPrvwInvChk" time="0.0">
    <ignored/>
  </testcase> <!-- CrteInvPrvwInvChk -->
  <testcase classname="allPages.CustomerIssues" name="InvChngPayDateManChk" time="0.0">
    <ignored/>
  </testcase> <!-- InvChngPayDateManChk -->
  <testcase classname="allPages.CustomerIssues" name="DateCheck" time="0.0">
    <ignored/>
  </testcase> <!-- DateCheck -->
  <testcase classname="allPages.CustomerIssues" name="UserIDCheck" time="0.0">
    <ignored/>
  </testcase> <!-- UserIDCheck -->
  <testcase classname="allPages.CustomerIssues" name="DisableChck1" time="0.0">
    <ignored/>
  </testcase> <!-- DisableChck1 -->
  <testcase classname="allPages.CustomerIssues" name="SwapOutChck" time="0.0">
    <ignored/>
  </testcase> <!-- SwapOutChck -->
  <testcase classname="allPages.CustomerIssues" name="InvChngStpPayManChk" time="0.0">
    <ignored/>
  </testcase> <!-- InvChngStpPayManChk -->
  <testcase classname="allPages.CustomerIssues" name="ACHUpldSndToSal_CC_Chck" time="0.0">
    <ignored/>
  </testcase> <!-- ACHUpldSndToSal_CC_Chck -->
  <testcase classname="allPages.CustomerIssues" name="TC06" time="0.0">
    <ignored/>
  </testcase> <!-- TC06 -->
  <testcase classname="allPages.CustomerIssues" name="CrteInvPrvInvBckBtnChk" time="0.0">
    <ignored/>
  </testcase> <!-- CrteInvPrvInvBckBtnChk -->
  <testcase classname="allPages.CustomerIssues" name="TC02" time="0.0">
    <ignored/>
  </testcase> <!-- TC02 -->
  <testcase classname="allPages.CustomerIssues" name="InvertorUpdtChckInMonitoring" time="0.0">
    <ignored/>
  </testcase> <!-- InvertorUpdtChckInMonitoring -->
  <testcase classname="allPages.CustomerIssues" name="ACHSendMailPageChck" time="0.0">
    <ignored/>
  </testcase> <!-- ACHSendMailPageChck -->
  <testcase classname="allPages.CustomerIssues" name="ACHMailTimeChckS2Sale" time="0.0">
    <ignored/>
  </testcase> <!-- ACHMailTimeChckS2Sale -->
  <testcase classname="allPages.CustomerIssues" name="PanelAddChckInMonitoring" time="0.0">
    <ignored/>
  </testcase> <!-- PanelAddChckInMonitoring -->
  <testcase classname="allPages.CustomerIssues" name="InvPyDateChk" time="0.0">
    <ignored/>
  </testcase> <!-- InvPyDateChk -->
  <testcase classname="allPages.CustomerIssues" name="InvChngStpPayHedgeChk" time="0.0">
    <ignored/>
  </testcase> <!-- InvChngStpPayHedgeChk -->
  <testcase classname="allPages.CustomerIssues" name="DisableChck2" time="0.0">
    <ignored/>
  </testcase> <!-- DisableChck2 -->
</testsuite> <!-- Default test -->
