<?xml version="1.0" encoding="UTF-8"?>
<!-- Generated by org.testng.reporters.JUnitReportReporter -->
<testsuite hostname="SSSLT025" failures="0" tests="15" name="allPages.CustomerIssues" time="29.449" errors="1" timestamp="2024-04-24T17:42:02 IST" skipped="14">
  <testcase classname="allPages.CustomerIssues" name="ChckPayAddBtnChk" time="4.275">
    <skipped/>
  </testcase> <!-- ChckPayAddBtnChk -->
  <testcase classname="allPages.CustomerIssues" name="ChckPayAddBtnChk" time="4.282">
    <skipped/>
  </testcase> <!-- ChckPayAddBtnChk -->
  <testcase classname="allPages.CustomerIssues" name="ChckPayAddBtnChk" time="4.278">
    <skipped/>
  </testcase> <!-- ChckPayAddBtnChk -->
  <testcase classname="allPages.CustomerIssues" name="ChckPayAddBtnChk" time="7.924">
    <skipped/>
  </testcase> <!-- ChckPayAddBtnChk -->
  <testcase classname="allPages.CustomerIssues" name="ChckPayAddBtnChk" time="4.426">
    <skipped/>
  </testcase> <!-- ChckPayAddBtnChk -->
  <testcase classname="allPages.CustomerIssues" name="ChckPayAddBtnChk" time="4.264">
    <error message="Cannot invoke &quot;org.openqa.selenium.WebDriver.findElement(org.openqa.selenium.By)&quot; because &quot;allPages.CheckPayments.driver&quot; is null" type="java.lang.NullPointerException">
      <![CDATA[java.lang.NullPointerException: Cannot invoke "org.openqa.selenium.WebDriver.findElement(org.openqa.selenium.By)" because "allPages.CheckPayments.driver" is null
at allPages.CheckPayments.CheckPaymentsClick(CheckPayments.java:59)
at allPages.CheckPayments.TC01(CheckPayments.java:69)
at allPages.CheckPayments.TC02(CheckPayments.java:80)
at allPages.CheckPayments.TC03(CheckPayments.java:92)
at allPages.CheckPayments.TC05(CheckPayments.java:120)
at allPages.CustomerIssues.ChckPayAddBtnChk(CustomerIssues.java:2268)
at java.base/jdk.internal.reflect.DirectMethodHandleAccessor.invoke(DirectMethodHandleAccessor.java:103)
at java.base/java.lang.reflect.Method.invoke(Method.java:580)
at org.testng.internal.invokers.MethodInvocationHelper.invokeMethod(MethodInvocationHelper.java:139)
at org.testng.internal.invokers.TestInvoker.invokeMethod(TestInvoker.java:664)
at org.testng.internal.invokers.TestInvoker.retryFailed(TestInvoker.java:249)
at org.testng.internal.invokers.MethodRunner.runInSequence(MethodRunner.java:76)
at org.testng.internal.invokers.TestInvoker$MethodInvocationAgent.invoke(TestInvoker.java:961)
at org.testng.internal.invokers.TestInvoker.invokeTestMethods(TestInvoker.java:201)
at org.testng.internal.invokers.TestMethodWorker.invokeTestMethods(TestMethodWorker.java:148)
at org.testng.internal.invokers.TestMethodWorker.run(TestMethodWorker.java:128)
at java.base/java.util.ArrayList.forEach(ArrayList.java:1596)
at org.testng.TestRunner.privateRun(TestRunner.java:819)
at org.testng.TestRunner.run(TestRunner.java:619)
at org.testng.SuiteRunner.runTest(SuiteRunner.java:443)
at org.testng.SuiteRunner.runSequentially(SuiteRunner.java:437)
at org.testng.SuiteRunner.privateRun(SuiteRunner.java:397)
at org.testng.SuiteRunner.run(SuiteRunner.java:336)
at org.testng.SuiteRunnerWorker.runSuite(SuiteRunnerWorker.java:52)
at org.testng.SuiteRunnerWorker.run(SuiteRunnerWorker.java:95)
at org.testng.TestNG.runSuitesSequentially(TestNG.java:1301)
at org.testng.TestNG.runSuitesLocally(TestNG.java:1228)
at org.testng.TestNG.runSuites(TestNG.java:1134)
at org.testng.TestNG.run(TestNG.java:1101)
at org.testng.remote.AbstractRemoteTestNG.run(AbstractRemoteTestNG.java:115)
at org.testng.remote.RemoteTestNG.initAndRun(RemoteTestNG.java:251)
at org.testng.remote.RemoteTestNG.main(RemoteTestNG.java:77)
]]>
    </error>
  </testcase> <!-- ChckPayAddBtnChk -->
  <testcase classname="allPages.CustomerIssues" name="TotalValueChckInMonitoring">
    <skipped/>
  </testcase> <!-- TotalValueChckInMonitoring -->
  <testcase classname="allPages.CustomerIssues" name="InvertorManChckInMonitoring">
    <skipped/>
  </testcase> <!-- InvertorManChckInMonitoring -->
  <testcase classname="allPages.CustomerIssues" name="TimShtChck">
    <skipped/>
  </testcase> <!-- TimShtChck -->
  <testcase classname="allPages.CustomerIssues" name="PanelUpdChckInMonitoring">
    <skipped/>
  </testcase> <!-- PanelUpdChckInMonitoring -->
  <testcase classname="allPages.CustomerIssues" name="InvertorUpdtChckInMonitoring">
    <skipped/>
  </testcase> <!-- InvertorUpdtChckInMonitoring -->
  <testcase classname="allPages.CustomerIssues" name="ProdStsExportChckInMonitoring">
    <skipped/>
  </testcase> <!-- ProdStsExportChckInMonitoring -->
  <testcase classname="allPages.CustomerIssues" name="CustStsSysProfChckInMonitoring">
    <skipped/>
  </testcase> <!-- CustStsSysProfChckInMonitoring -->
  <testcase classname="allPages.CustomerIssues" name="ProdStsChckInMonitoring">
    <skipped/>
  </testcase> <!-- ProdStsChckInMonitoring -->
  <testcase classname="allPages.CustomerIssues" name="PanelAddChckInMonitoring">
    <skipped/>
  </testcase> <!-- PanelAddChckInMonitoring -->
</testsuite> <!-- allPages.CustomerIssues -->
