<?xml version="1.0" encoding="UTF-8"?>
<!-- Generated by org.testng.reporters.JUnitReportReporter -->
<testsuite hostname="SSSLT025" failures="0" tests="44" name="allPages.AllReportModules" time="94.581" errors="1" timestamp="2024-04-17T12:22:59 IST" skipped="38">
  <testcase classname="allPages.AllReportModules" name="TapeReportBtn" time="10.172"/>
  <testcase classname="allPages.AllReportModules" name="InvoiceLog" time="13.033"/>
  <testcase classname="allPages.AllReportModules" name="ActivityReport" time="11.702"/>
  <testcase classname="allPages.AllReportModules" name="setUp" time="43.579">
    <error message="timeout: Timed out receiving message from renderer: 29.300
  (Session info: chrome=123.0.6312.123)
Build info: version: &#039;4.18.1&#039;, revision: &#039;b1d3319b48&#039;
System info: os.name: &#039;Windows 11&#039;, os.arch: &#039;amd64&#039;, os.version: &#039;10.0&#039;, java.version: &#039;21.0.2&#039;
Driver info: org.openqa.selenium.chrome.ChromeDriver
Command: [1540b7b0fcfbbf3dd4adf5ebac7b7710, get {url=http://192.168.1.36:90/#/auth}]
Capabilities {acceptInsecureCerts: false, browserName: chrome, browserVersion: 123.0.6312.123, chrome: {chromedriverVersion: 123.0.6312.122 (31f8248cdd9..., userDataDir: C:\Users\THIRUM~1\AppData\L...}, fedcm:accounts: true, goog:chromeOptions: {debuggerAddress: localhost:59465}, networkConnectionEnabled: false, pageLoadStrategy: normal, platformName: windows, proxy: Proxy(), se:cdp: ws://localhost:59465/devtoo..., se:cdpVersion: 123.0.6312.123, setWindowRect: true, strictFileInteractability: false, timeouts: {implicit: 0, pageLoad: 300000, script: 30000}, unhandledPromptBehavior: dismiss and notify, webauthn:extension:credBlob: true, webauthn:extension:largeBlob: true, webauthn:extension:minPinLength: true, webauthn:extension:prf: true, webauthn:virtualAuthenticators: true}
Session ID: 1540b7b0fcfbbf3dd4adf5ebac7b7710" type="org.openqa.selenium.TimeoutException">
      <![CDATA[org.openqa.selenium.TimeoutException: timeout: Timed out receiving message from renderer: 29.300
  (Session info: chrome=123.0.6312.123)
Build info: version: '4.18.1', revision: 'b1d3319b48'
System info: os.name: 'Windows 11', os.arch: 'amd64', os.version: '10.0', java.version: '21.0.2'
Driver info: org.openqa.selenium.chrome.ChromeDriver
Command: [1540b7b0fcfbbf3dd4adf5ebac7b7710, get {url=http://192.168.1.36:90/#/auth}]
Capabilities {acceptInsecureCerts: false, browserName: chrome, browserVersion: 123.0.6312.123, chrome: {chromedriverVersion: 123.0.6312.122 (31f8248cdd9..., userDataDir: C:\Users\THIRUM~1\AppData\L...}, fedcm:accounts: true, goog:chromeOptions: {debuggerAddress: localhost:59465}, networkConnectionEnabled: false, pageLoadStrategy: normal, platformName: windows, proxy: Proxy(), se:cdp: ws://localhost:59465/devtoo..., se:cdpVersion: 123.0.6312.123, setWindowRect: true, strictFileInteractability: false, timeouts: {implicit: 0, pageLoad: 300000, script: 30000}, unhandledPromptBehavior: dismiss and notify, webauthn:extension:credBlob: true, webauthn:extension:largeBlob: true, webauthn:extension:minPinLength: true, webauthn:extension:prf: true, webauthn:virtualAuthenticators: true}
Session ID: 1540b7b0fcfbbf3dd4adf5ebac7b7710
at java.base/jdk.internal.reflect.DirectConstructorHandleAccessor.newInstance(DirectConstructorHandleAccessor.java:62)
at java.base/java.lang.reflect.Constructor.newInstanceWithCaller(Constructor.java:502)
at java.base/java.lang.reflect.Constructor.newInstance(Constructor.java:486)
at org.openqa.selenium.remote.ErrorCodec.decode(ErrorCodec.java:167)
at org.openqa.selenium.remote.codec.w3c.W3CHttpResponseCodec.decode(W3CHttpResponseCodec.java:138)
at org.openqa.selenium.remote.codec.w3c.W3CHttpResponseCodec.decode(W3CHttpResponseCodec.java:50)
at org.openqa.selenium.remote.HttpCommandExecutor.execute(HttpCommandExecutor.java:190)
at org.openqa.selenium.remote.service.DriverCommandExecutor.invokeExecute(DriverCommandExecutor.java:216)
at org.openqa.selenium.remote.service.DriverCommandExecutor.execute(DriverCommandExecutor.java:174)
at org.openqa.selenium.remote.RemoteWebDriver.execute(RemoteWebDriver.java:519)
at org.openqa.selenium.remote.RemoteWebDriver.get(RemoteWebDriver.java:301)
at allPages.AllReportModules.setUp(AllReportModules.java:39)
at java.base/jdk.internal.reflect.DirectMethodHandleAccessor.invoke(DirectMethodHandleAccessor.java:103)
at java.base/java.lang.reflect.Method.invoke(Method.java:580)
at org.testng.internal.invokers.MethodInvocationHelper.invokeMethod(MethodInvocationHelper.java:139)
at org.testng.internal.invokers.MethodInvocationHelper.invokeMethodConsideringTimeout(MethodInvocationHelper.java:69)
at org.testng.internal.invokers.ConfigInvoker.invokeConfigurationMethod(ConfigInvoker.java:393)
at org.testng.internal.invokers.ConfigInvoker.invokeConfigurations(ConfigInvoker.java:326)
at org.testng.internal.invokers.TestInvoker.runConfigMethods(TestInvoker.java:810)
at org.testng.internal.invokers.TestInvoker.invokeMethod(TestInvoker.java:578)
at org.testng.internal.invokers.TestInvoker.invokeTestMethod(TestInvoker.java:228)
at org.testng.internal.invokers.MethodRunner.runInSequence(MethodRunner.java:63)
at org.testng.internal.invokers.TestInvoker$MethodInvocationAgent.invoke(TestInvoker.java:961)
at org.testng.internal.invokers.TestInvoker.invokeTestMethods(TestInvoker.java:201)
at org.testng.internal.invokers.TestMethodWorker.invokeTestMethods(TestMethodWorker.java:148)
at org.testng.internal.invokers.TestMethodWorker.run(TestMethodWorker.java:128)
at java.base/java.util.ArrayList.forEach(ArrayList.java:1596)
at org.testng.TestRunner.privateRun(TestRunner.java:819)
at org.testng.TestRunner.run(TestRunner.java:619)
at org.testng.SuiteRunner.runTest(SuiteRunner.java:443)
at org.testng.SuiteRunner.runSequentially(SuiteRunner.java:437)
at org.testng.SuiteRunner.privateRun(SuiteRunner.java:397)
at org.testng.SuiteRunner.run(SuiteRunner.java:336)
at org.testng.SuiteRunnerWorker.runSuite(SuiteRunnerWorker.java:52)
at org.testng.SuiteRunnerWorker.run(SuiteRunnerWorker.java:95)
at org.testng.TestNG.runSuitesSequentially(TestNG.java:1301)
at org.testng.TestNG.runSuitesLocally(TestNG.java:1228)
at org.testng.TestNG.runSuites(TestNG.java:1134)
at org.testng.TestNG.run(TestNG.java:1101)
at org.testng.remote.AbstractRemoteTestNG.run(AbstractRemoteTestNG.java:115)
at org.testng.remote.RemoteTestNG.initAndRun(RemoteTestNG.java:251)
at org.testng.remote.RemoteTestNG.main(RemoteTestNG.java:77)
]]>
    </error>
  </testcase> <!-- setUp -->
  <testcase classname="allPages.AllReportModules" name="OSReportBtn" time="12.194"/>
  <testcase classname="allPages.AllReportModules" name="ACHTransactionBtn" time="3.901"/>
  <testcase classname="allPages.AllReportModules" name="TC01" time="0.000">
    <skipped/>
  </testcase> <!-- TC01 -->
  <testcase classname="allPages.AllReportModules" name="TC02" time="0.000">
    <skipped/>
  </testcase> <!-- TC02 -->
  <testcase classname="allPages.AllReportModules" name="TC03" time="0.000">
    <skipped/>
  </testcase> <!-- TC03 -->
  <testcase classname="allPages.AllReportModules" name="TC04" time="0.000">
    <skipped/>
  </testcase> <!-- TC04 -->
  <testcase classname="allPages.AllReportModules" name="TC05" time="0.000">
    <skipped/>
  </testcase> <!-- TC05 -->
  <testcase classname="allPages.AllReportModules" name="TC06" time="0.000">
    <skipped/>
  </testcase> <!-- TC06 -->
  <testcase classname="allPages.AllReportModules" name="TC07" time="0.000">
    <skipped/>
  </testcase> <!-- TC07 -->
  <testcase classname="allPages.AllReportModules" name="TC08" time="0.000">
    <skipped/>
  </testcase> <!-- TC08 -->
  <testcase classname="allPages.AllReportModules" name="TC09" time="0.000">
    <skipped/>
  </testcase> <!-- TC09 -->
  <testcase classname="allPages.AllReportModules" name="TC10" time="0.000">
    <skipped/>
  </testcase> <!-- TC10 -->
  <testcase classname="allPages.AllReportModules" name="TC11" time="0.000">
    <skipped/>
  </testcase> <!-- TC11 -->
  <testcase classname="allPages.AllReportModules" name="TC12" time="0.000">
    <skipped/>
  </testcase> <!-- TC12 -->
  <testcase classname="allPages.AllReportModules" name="TC13" time="0.000">
    <skipped/>
  </testcase> <!-- TC13 -->
  <testcase classname="allPages.AllReportModules" name="TC14" time="0.000">
    <skipped/>
  </testcase> <!-- TC14 -->
  <testcase classname="allPages.AllReportModules" name="TC15" time="0.000">
    <skipped/>
  </testcase> <!-- TC15 -->
  <testcase classname="allPages.AllReportModules" name="TC16" time="0.000">
    <skipped/>
  </testcase> <!-- TC16 -->
  <testcase classname="allPages.AllReportModules" name="TC18" time="0.000">
    <skipped/>
  </testcase> <!-- TC18 -->
  <testcase classname="allPages.AllReportModules" name="TC19" time="0.000">
    <skipped/>
  </testcase> <!-- TC19 -->
  <testcase classname="allPages.AllReportModules" name="TC20" time="0.000">
    <skipped/>
  </testcase> <!-- TC20 -->
  <testcase classname="allPages.AllReportModules" name="TC21" time="0.000">
    <skipped/>
  </testcase> <!-- TC21 -->
  <testcase classname="allPages.AllReportModules" name="TC22" time="0.000">
    <skipped/>
  </testcase> <!-- TC22 -->
  <testcase classname="allPages.AllReportModules" name="TC23" time="0.000">
    <skipped/>
  </testcase> <!-- TC23 -->
  <testcase classname="allPages.AllReportModules" name="TC24" time="0.000">
    <skipped/>
  </testcase> <!-- TC24 -->
  <testcase classname="allPages.AllReportModules" name="TC25" time="0.000">
    <skipped/>
  </testcase> <!-- TC25 -->
  <testcase classname="allPages.AllReportModules" name="TC26" time="0.000">
    <skipped/>
  </testcase> <!-- TC26 -->
  <testcase classname="allPages.AllReportModules" name="TC27" time="0.000">
    <skipped/>
  </testcase> <!-- TC27 -->
  <testcase classname="allPages.AllReportModules" name="TC28" time="0.000">
    <skipped/>
  </testcase> <!-- TC28 -->
  <testcase classname="allPages.AllReportModules" name="TC31" time="0.000">
    <skipped/>
  </testcase> <!-- TC31 -->
  <testcase classname="allPages.AllReportModules" name="TC32" time="0.000">
    <skipped/>
  </testcase> <!-- TC32 -->
  <testcase classname="allPages.AllReportModules" name="TC33" time="0.000">
    <skipped/>
  </testcase> <!-- TC33 -->
  <testcase classname="allPages.AllReportModules" name="TC34" time="0.000">
    <skipped/>
  </testcase> <!-- TC34 -->
  <testcase classname="allPages.AllReportModules" name="TC35" time="0.000">
    <skipped/>
  </testcase> <!-- TC35 -->
  <testcase classname="allPages.AllReportModules" name="TC36" time="0.000">
    <skipped/>
  </testcase> <!-- TC36 -->
  <testcase classname="allPages.AllReportModules" name="TC37" time="0.000">
    <skipped/>
  </testcase> <!-- TC37 -->
  <testcase classname="allPages.AllReportModules" name="TC38" time="0.000">
    <skipped/>
  </testcase> <!-- TC38 -->
  <testcase classname="allPages.AllReportModules" name="TC39" time="0.000">
    <skipped/>
  </testcase> <!-- TC39 -->
  <testcase classname="allPages.AllReportModules" name="TC29">
    <skipped/>
  </testcase> <!-- TC29 -->
  <testcase classname="allPages.AllReportModules" name="TC30">
    <skipped/>
  </testcase> <!-- TC30 -->
</testsuite> <!-- allPages.AllReportModules -->
